app/build/intermediates/manifest_merge_blame_file/debug/manifest-merger-blame-debug-report.txt
1<?xml version="1.0" encoding="utf-8"?>
2<manifest xmlns:android="http://schemas.android.com/apk/res/android"
3    package="com.dailyrounds.booksapp"
4    android:versionCode="1"
5    android:versionName="1.0" >
6
7    <uses-sdk
8        android:minSdkVersion="24"
8-->src\main\AndroidManifest.xml
9        android:targetSdkVersion="33" />
9-->src\main\AndroidManifest.xml
10
11    <uses-permission android:name="android.permission.INTERNET" />
11-->src\main\AndroidManifest.xml:5:5-67
11-->src\main\AndroidManifest.xml:5:22-64
12
13    <permission
13-->[androidx.core:core:1.9.0] AndroidManifest.xml:22:5-24:47
14        android:name="com.dailyrounds.booksapp.DYNAMIC_RECEIVER_NOT_EXPORTED_PERMISSION"
14-->[androidx.core:core:1.9.0] AndroidManifest.xml:23:9-81
15        android:protectionLevel="signature" />
15-->[androidx.core:core:1.9.0] AndroidManifest.xml:24:9-44
16
17    <uses-permission android:name="com.dailyrounds.booksapp.DYNAMIC_RECEIVER_NOT_EXPORTED_PERMISSION" />
17-->[androidx.core:core:1.9.0] AndroidManifest.xml:26:5-97
17-->[androidx.core:core:1.9.0] AndroidManifest.xml:26:22-94
18
19    <application
19-->src\main\AndroidManifest.xml:7:5-31:19
20        android:allowBackup="true"
20-->src\main\AndroidManifest.xml:8:9-35
21        android:appComponentFactory="androidx.core.app.CoreComponentFactory"
21-->[androidx.core:core:1.9.0] AndroidManifest.xml:28:18-86
22        android:dataExtractionRules="@xml/data_extraction_rules"
22-->src\main\AndroidManifest.xml:9:9-65
23        android:debuggable="true"
24        android:extractNativeLibs="false"
25        android:fullBackupContent="@xml/backup_rules"
25-->src\main\AndroidManifest.xml:10:9-54
26        android:icon="@mipmap/ic_launcher"
26-->src\main\AndroidManifest.xml:11:9-43
27        android:label="@string/app_name"
27-->src\main\AndroidManifest.xml:12:9-41
28        android:supportsRtl="true"
28-->src\main\AndroidManifest.xml:13:9-35
29        android:testOnly="true"
30        android:theme="@style/Theme.BooksApp" >
30-->src\main\AndroidManifest.xml:14:9-46
31        <activity
31-->src\main\AndroidManifest.xml:16:9-24:20
32            android:name="com.dailyrounds.booksapp.activities.RegisterActivity"
32-->src\main\AndroidManifest.xml:17:13-56
33            android:exported="true" >
33-->src\main\AndroidManifest.xml:18:13-36
34            <intent-filter>
34-->src\main\AndroidManifest.xml:19:13-23:29
35                <action android:name="android.intent.action.MAIN" />
35-->src\main\AndroidManifest.xml:20:17-69
35-->src\main\AndroidManifest.xml:20:25-66
36
37                <category android:name="android.intent.category.LAUNCHER" />
37-->src\main\AndroidManifest.xml:22:17-77
37-->src\main\AndroidManifest.xml:22:27-74
38            </intent-filter>
39        </activity>
40        <activity
40-->src\main\AndroidManifest.xml:25:9-30:20
41            android:name="com.dailyrounds.booksapp.activities.HomeActivity"
41-->src\main\AndroidManifest.xml:26:13-52
42            android:exported="true"
42-->src\main\AndroidManifest.xml:27:13-36
43            android:theme="@style/Theme.Design.NoActionBar" >
43-->src\main\AndroidManifest.xml:28:13-60
44        </activity>
45
46        <provider
46-->[androidx.emoji2:emoji2:1.2.0] AndroidManifest.xml:24:9-32:20
47            android:name="androidx.startup.InitializationProvider"
47-->[androidx.emoji2:emoji2:1.2.0] AndroidManifest.xml:25:13-67
48            android:authorities="com.dailyrounds.booksapp.androidx-startup"
48-->[androidx.emoji2:emoji2:1.2.0] AndroidManifest.xml:26:13-68
49            android:exported="false" >
49-->[androidx.emoji2:emoji2:1.2.0] AndroidManifest.xml:27:13-37
50            <meta-data
50-->[androidx.emoji2:emoji2:1.2.0] AndroidManifest.xml:29:13-31:52
51                android:name="androidx.emoji2.text.EmojiCompatInitializer"
51-->[androidx.emoji2:emoji2:1.2.0] AndroidManifest.xml:30:17-75
52                android:value="androidx.startup" />
52-->[androidx.emoji2:emoji2:1.2.0] AndroidManifest.xml:31:17-49
53            <meta-data
53-->[androidx.lifecycle:lifecycle-process:2.4.1] AndroidManifest.xml:31:13-33:52
54                android:name="androidx.lifecycle.ProcessLifecycleInitializer"
54-->[androidx.lifecycle:lifecycle-process:2.4.1] AndroidManifest.xml:32:17-78
55                android:value="androidx.startup" />
55-->[androidx.lifecycle:lifecycle-process:2.4.1] AndroidManifest.xml:33:17-49
56        </provider>
57
58        <service
58-->[androidx.room:room-runtime:2.5.0-alpha02] AndroidManifest.xml:25:9-29:63
59            android:name="androidx.room.MultiInstanceInvalidationService"
59-->[androidx.room:room-runtime:2.5.0-alpha02] AndroidManifest.xml:26:13-74
60            android:directBootAware="true"
60-->[androidx.room:room-runtime:2.5.0-alpha02] AndroidManifest.xml:27:13-43
61            android:exported="false" />
61-->[androidx.room:room-runtime:2.5.0-alpha02] AndroidManifest.xml:28:13-37
62    </application>
63
64</manifest>